[I 19:02:33.414 NotebookApp] [jupyter_nbextensions_configurator] enabled 0.4.1
[I 19:02:33.415 NotebookApp] Serving notebooks from local directory: /work/westgroup/ChrisB/meOH-synthesis
[I 19:02:33.415 NotebookApp] The Jupyter Notebook is running at:
[I 19:02:33.415 NotebookApp] http://10.99.252.85:8888/?token=4fa2034121de43d43bc5fad6b27ad04c8b40c311066102df
[I 19:02:33.415 NotebookApp]  or http://127.0.0.1:8888/?token=4fa2034121de43d43bc5fad6b27ad04c8b40c311066102df
[I 19:02:33.415 NotebookApp] Use Control-C to stop this server and shut down all kernels (twice to skip confirmation).
[C 19:02:33.428 NotebookApp] 
    
    To access the notebook, open this file in a browser:
        file:///home/blais.ch/.local/share/jupyter/runtime/nbserver-22608-open.html
    Or copy and paste one of these URLs:
        http://10.99.252.85:8888/?token=4fa2034121de43d43bc5fad6b27ad04c8b40c311066102df
     or http://127.0.0.1:8888/?token=4fa2034121de43d43bc5fad6b27ad04c8b40c311066102df
[W 20:11:47.928 NotebookApp] Notebook cantera_simulations/RMG_wDeut/RMG_model_Deutschmann.ipynb is not trusted
/home/blais.ch/.conda/envs/rmg_env/lib/python3.7/site-packages/jupyter_client/connect.py:164: RuntimeWarning: Failed to set sticky bit on '/home/blais.ch/.local/share/jupyter/runtime/kernel-4348fccd-4662-476c-880c-15ec1998f22c.json': [Errno 22] Invalid argument: '/home/blais.ch/.local/share/jupyter/runtime/kernel-4348fccd-4662-476c-880c-15ec1998f22c.json'
Probably not a big deal, but runtime files may be cleaned up periodically.
  RuntimeWarning,
[I 20:11:48.960 NotebookApp] Kernel started: 4348fccd-4662-476c-880c-15ec1998f22c
/home/blais.ch/.conda/envs/rmg_env/lib/python3.7/site-packages/jupyter_client/connect.py:164: RuntimeWarning: Failed to set sticky bit on '/home/blais.ch/.local/share/jupyter/runtime/kernel-4348fccd-4662-476c-880c-15ec1998f22c.json': [Errno 22] Invalid argument: '/home/blais.ch/.local/share/jupyter/runtime/kernel-4348fccd-4662-476c-880c-15ec1998f22c.json'
Probably not a big deal, but runtime files may be cleaned up periodically.
  RuntimeWarning,
/home/blais.ch/.conda/envs/rmg_env/lib/python3.7/site-packages/jupyter_client/connect.py:164: RuntimeWarning: Failed to set sticky bit on '/home/blais.ch/.local/share/jupyter/runtime/kernel-0e943cf3-39d3-40d1-94f3-b8e23d9f765b.json': [Errno 22] Invalid argument: '/home/blais.ch/.local/share/jupyter/runtime/kernel-0e943cf3-39d3-40d1-94f3-b8e23d9f765b.json'
Probably not a big deal, but runtime files may be cleaned up periodically.
  RuntimeWarning,
[I 20:11:50.750 NotebookApp] Kernel started: 0e943cf3-39d3-40d1-94f3-b8e23d9f765b
/home/blais.ch/.conda/envs/rmg_env/lib/python3.7/site-packages/jupyter_client/connect.py:164: RuntimeWarning: Failed to set sticky bit on '/home/blais.ch/.local/share/jupyter/runtime/kernel-0e943cf3-39d3-40d1-94f3-b8e23d9f765b.json': [Errno 22] Invalid argument: '/home/blais.ch/.local/share/jupyter/runtime/kernel-0e943cf3-39d3-40d1-94f3-b8e23d9f765b.json'
Probably not a big deal, but runtime files may be cleaned up periodically.
  RuntimeWarning,
[I 20:13:50.883 NotebookApp] Saving file at /cantera_simulations/RMG_NoDeut/RMG_Model_noDeut.ipynb
[I 20:13:54.917 NotebookApp] Saving file at /cantera_simulations/RMG_wDeut/RMG_model_Deutschmann.ipynb
[W 20:13:54.917 NotebookApp] Notebook cantera_simulations/RMG_wDeut/RMG_model_Deutschmann.ipynb is not trusted
[W 20:27:50.249 NotebookApp] WebSocket ping timeout after 119982 ms.
[W 20:27:51.527 NotebookApp] WebSocket ping timeout after 119980 ms.
[I 20:27:55.252 NotebookApp] Starting buffering for 4348fccd-4662-476c-880c-15ec1998f22c:db250d95c8dc4cb6b820efa4c399a19d
[I 20:27:56.530 NotebookApp] Starting buffering for 0e943cf3-39d3-40d1-94f3-b8e23d9f765b:d63f64492164466b90ac02913eb10d4d
[W 08:53:15.740 NotebookApp] Notebook cantera_simulations/RMG_wDeut/RMG_model_Deutschmann.ipynb is not trusted
[I 09:07:23.033 NotebookApp] Saving file at /cantera_simulations/RMG_wDeut/RMG_model_Deutschmann.ipynb
[W 09:07:23.034 NotebookApp] Notebook cantera_simulations/RMG_wDeut/RMG_model_Deutschmann.ipynb is not trusted
[I 09:09:23.986 NotebookApp] Saving file at /cantera_simulations/RMG_wDeut/RMG_model_Deutschmann.ipynb
[W 09:09:23.987 NotebookApp] Notebook cantera_simulations/RMG_wDeut/RMG_model_Deutschmann.ipynb is not trusted
[I 10:09:25.311 NotebookApp] Saving file at /cantera_simulations/RMG_wDeut/RMG_model_Deutschmann.ipynb
[W 10:09:25.312 NotebookApp] Notebook cantera_simulations/RMG_wDeut/RMG_model_Deutschmann.ipynb is not trusted
[I 10:09:26.144 NotebookApp] Saving file at /cantera_simulations/RMG_wDeut/RMG_model_Deutschmann.ipynb
[W 10:09:26.145 NotebookApp] Notebook cantera_simulations/RMG_wDeut/RMG_model_Deutschmann.ipynb is not trusted
[I 10:11:23.851 NotebookApp] Saving file at /cantera_simulations/RMG_wDeut/RMG_model_Deutschmann.ipynb
[W 10:11:23.851 NotebookApp] Notebook cantera_simulations/RMG_wDeut/RMG_model_Deutschmann.ipynb is not trusted
[I 10:55:24.351 NotebookApp] Saving file at /cantera_simulations/RMG_wDeut/RMG_model_Deutschmann.ipynb
[W 10:55:24.353 NotebookApp] Notebook cantera_simulations/RMG_wDeut/RMG_model_Deutschmann.ipynb is not trusted
[I 10:56:29.120 NotebookApp] Saving file at /cantera_simulations/RMG_wDeut/RMG_model_Deutschmann.ipynb
[W 10:56:29.121 NotebookApp] Notebook cantera_simulations/RMG_wDeut/RMG_model_Deutschmann.ipynb is not trusted
[I 10:57:23.891 NotebookApp] Saving file at /cantera_simulations/RMG_wDeut/RMG_model_Deutschmann.ipynb
[W 10:57:23.892 NotebookApp] Notebook cantera_simulations/RMG_wDeut/RMG_model_Deutschmann.ipynb is not trusted
[I 10:59:24.187 NotebookApp] Saving file at /cantera_simulations/RMG_wDeut/RMG_model_Deutschmann.ipynb
[W 10:59:24.188 NotebookApp] Notebook cantera_simulations/RMG_wDeut/RMG_model_Deutschmann.ipynb is not trusted
[I 11:00:01.181 NotebookApp] Saving file at /cantera_simulations/RMG_NoDeut/RMG_Model_noDeut.ipynb
[I 11:03:24.212 NotebookApp] Saving file at /cantera_simulations/RMG_wDeut/RMG_model_Deutschmann.ipynb
[W 11:03:24.222 NotebookApp] Notebook cantera_simulations/RMG_wDeut/RMG_model_Deutschmann.ipynb is not trusted
[I 11:04:01.181 NotebookApp] Saving file at /cantera_simulations/RMG_NoDeut/RMG_Model_noDeut.ipynb
[I 11:06:01.755 NotebookApp] Saving file at /cantera_simulations/RMG_NoDeut/RMG_Model_noDeut.ipynb
[I 12:25:24.162 NotebookApp] Saving file at /cantera_simulations/RMG_wDeut/RMG_model_Deutschmann.ipynb
[W 12:25:24.163 NotebookApp] Notebook cantera_simulations/RMG_wDeut/RMG_model_Deutschmann.ipynb is not trusted
[I 12:27:25.089 NotebookApp] Saving file at /cantera_simulations/RMG_wDeut/RMG_model_Deutschmann.ipynb
[W 12:27:25.090 NotebookApp] Notebook cantera_simulations/RMG_wDeut/RMG_model_Deutschmann.ipynb is not trusted
[I 12:29:24.947 NotebookApp] Saving file at /cantera_simulations/RMG_wDeut/RMG_model_Deutschmann.ipynb
[W 12:29:24.948 NotebookApp] Notebook cantera_simulations/RMG_wDeut/RMG_model_Deutschmann.ipynb is not trusted
[I 12:29:39.004 NotebookApp] Saving file at /cantera_simulations/RMG_wDeut/RMG_model_Deutschmann.ipynb
[W 12:29:39.006 NotebookApp] Notebook cantera_simulations/RMG_wDeut/RMG_model_Deutschmann.ipynb is not trusted
[I 12:31:24.283 NotebookApp] Saving file at /cantera_simulations/RMG_wDeut/RMG_model_Deutschmann.ipynb
[W 12:31:24.284 NotebookApp] Notebook cantera_simulations/RMG_wDeut/RMG_model_Deutschmann.ipynb is not trusted
[I 13:16:02.832 NotebookApp] Saving file at /cantera_simulations/RMG_NoDeut/RMG_Model_noDeut.ipynb
[W 16:49:19.326 NotebookApp] WebSocket ping timeout after 119974 ms.
[I 16:49:24.329 NotebookApp] Starting buffering for 0e943cf3-39d3-40d1-94f3-b8e23d9f765b:19477aee47bb403185b63b73dc141dbd
[W 16:49:29.752 NotebookApp] WebSocket ping timeout after 119899 ms.
[I 16:49:34.754 NotebookApp] Starting buffering for 4348fccd-4662-476c-880c-15ec1998f22c:fee3629fb55148538be2aa4a19f29747
[W 18:38:51.458 NotebookApp] Notebook cantera_simulations/RMG_wDeut/RMG_model_Deutschmann.ipynb is not trusted
slurmstepd: error: *** JOB 16666573 ON c2200 CANCELLED AT 2020-12-30T19:02:37 DUE TO TIME LIMIT ***
[C 19:02:37.725 NotebookApp] received signal 15, stopping
[I 19:02:37.751 NotebookApp] Shutting down 2 kernels
[I 19:02:38.782 NotebookApp] Kernel shutdown: 4348fccd-4662-476c-880c-15ec1998f22c
[I 19:02:38.788 NotebookApp] Kernel shutdown: 0e943cf3-39d3-40d1-94f3-b8e23d9f765b
